<?xml version="1.0" encoding="UTF-8" ?>
<testsuite tests="57" failures="8" name="executor.TestExecutor" time="5.558" errors="0" skipped="0">
  <properties>
[...]
</properties>
  <testcase classname="| Firefox |" name="Given the user open the Easy property Management application in Firefox" time="0.006"/>
  <testcase classname="| Firefox |" name="When the user clicks Add New Button" time="0"/>
  <testcase classname="| Firefox |" name="When the user enters the unique property name and address" time="0"/>
  <testcase classname="| Firefox |" name="And Click Ok button" time="0"/>
  <testcase classname="| Firefox |" name="Then the property should be created" time="0"/>
  <testcase classname="| Firefox |" name="When the user click the Edit button for the created property" time="0"/>
  <testcase classname="| Firefox |" name="Then Edit New page should be displayed" time="0"/>
  <testcase classname="| Firefox |" name="When the user enters the updated property name and address" time="0"/>
  <testcase classname="| Firefox |" name="And Click Ok button" time="0"/>
  <testcase classname="| Firefox |" name="Then the property should be updated" time="0"/>
  <testcase classname="| Firefox |" name="| Firefox |" time="2.94"/>
  <testcase classname="| Chrome |" name="Given the user open the Easy property Management application in Chrome" time="0"/>
  <testcase classname="| Chrome |" name="When the user clicks Add New Button" time="0"/>
  <testcase classname="| Chrome |" name="When the user enters the unique property name and address" time="0"/>
  <testcase classname="| Chrome |" name="And Click Ok button" time="0"/>
  <testcase classname="| Chrome |" name="Then the property should be created" time="0"/>
  <testcase classname="| Chrome |" name="When the user click the Edit button for the created property" time="0"/>
  <testcase classname="| Chrome |" name="Then Edit New page should be displayed" time="0"/>
  <testcase classname="| Chrome |" name="When the user enters the updated property name and address" time="0"/>
  <testcase classname="| Chrome |" name="And Click Ok button" time="0"/>
  <testcase classname="| Chrome |" name="Then the property should be updated" time="0"/>
  <testcase classname="| Chrome |" name="| Chrome |" time="0.745"/>
  <testcase classname="Scenario: Verify if the user does not create the property if the cancel is selected in Add new page" name="Given the user open the Easy property Management application" time="0"/>
  <testcase classname="Scenario: Verify if the user does not create the property if the cancel is selected in Add new page" name="When the user clicks Add New Button" time="0"/>
  <testcase classname="Scenario: Verify if the user does not create the property if the cancel is selected in Add new page" name="And the user enters the  property name and address" time="0"/>
  <testcase classname="Scenario: Verify if the user does not create the property if the cancel is selected in Add new page" name="And Click Cancel button" time="0"/>
  <testcase classname="Scenario: Verify if the user does not create the property if the cancel is selected in Add new page" name="Then the property should not be created" time="0"/>
  <testcase classname="Scenario: Verify if the user does not create the property if the cancel is selected in Add new page" name="Scenario: Verify if the user does not create the property if the cancel is selected in Add new page" time="1.832"/>
  <testcase classname="| Firefox |" name="Given the user open the Easy property Management application in Firefox" time="0"/>
  <testcase classname="| Firefox |" name="When the user clicks Add New Button" time="0"/>
  <testcase classname="| Firefox |" name="Then Add New page should be displayed" time="0.006">
    <failure message="Unable to locate element: //div[text()=&apos;Add Property&apos;]
For documentation on this error, please visit: http://seleniumhq.org/exceptions/no_such_element.html
Build info: version: &apos;3.13.0&apos;, revision: &apos;2f0d292&apos;, time: &apos;2018-06-25T15:24:21.231Z&apos;
System info: host: &apos;LIVINGLEGEND&apos;, ip: &apos;192.168.56.1&apos;, os.name: &apos;Windows 8.1&apos;, os.arch: &apos;amd64&apos;, os.version: &apos;6.3&apos;, java.version: &apos;1.8.0_101&apos;
Driver info: org.openqa.selenium.firefox.FirefoxDriver
Capabilities {acceptInsecureCerts: true, browserName: firefox, browserVersion: 61.0.2, javascriptEnabled: true, moz:accessibilityChecks: false, moz:headless: false, moz:processID: 10436, moz:profile: C:\Users\Balaji\AppData\Loc..., moz:useNonSpecCompliantPointerOrigin: false, moz:webdriverClick: true, pageLoadStrategy: normal, platform: XP, platformName: XP, platformVersion: 6.3, rotatable: false, timeouts: {implicit: 0, pageLoad: 300000, script: 30000}}
Session ID: 485eea1b-fc96-434a-86cb-b20cd0342220
*** Element info: {Using=xpath, value=//div[text()=&apos;Add Property&apos;]}" type="junit.framework.AssertionFailedError">junit.framework.AssertionFailedError: Unable to locate element: //div[text()=&apos;Add Property&apos;]
For documentation on this error, please visit: http://seleniumhq.org/exceptions/no_such_element.html
Build info: version: &apos;3.13.0&apos;, revision: &apos;2f0d292&apos;, time: &apos;2018-06-25T15:24:21.231Z&apos;
System info: host: &apos;LIVINGLEGEND&apos;, ip: &apos;192.168.56.1&apos;, os.name: &apos;Windows 8.1&apos;, os.arch: &apos;amd64&apos;, os.version: &apos;6.3&apos;, java.version: &apos;1.8.0_101&apos;
Driver info: org.openqa.selenium.firefox.FirefoxDriver
Capabilities {acceptInsecureCerts: true, browserName: firefox, browserVersion: 61.0.2, javascriptEnabled: true, moz:accessibilityChecks: false, moz:headless: false, moz:processID: 10436, moz:profile: C:\Users\Balaji\AppData\Loc..., moz:useNonSpecCompliantPointerOrigin: false, moz:webdriverClick: true, pageLoadStrategy: normal, platform: XP, platformName: XP, platformVersion: 6.3, rotatable: false, timeouts: {implicit: 0, pageLoad: 300000, script: 30000}}
Session ID: 485eea1b-fc96-434a-86cb-b20cd0342220
*** Element info: {Using=xpath, value=//div[text()=&apos;Add Property&apos;]}
	at junit.framework.Assert.fail(Assert.java:57)
	at junit.framework.Assert.assertTrue(Assert.java:22)
	at stepdefnition.PropertyWorkflowmanagement.add_New_page_should_be_displayed(PropertyWorkflowmanagement.java:85)
	at ✽.Then Add New page should be displayed(02CreateEditListProperties.feature:8)
</failure>
  </testcase>
  <testcase classname="| Firefox |" name="| Firefox |" time="0.008">
    <failure message="Unable to locate element: //div[text()=&apos;Add Property&apos;]
For documentation on this error, please visit: http://seleniumhq.org/exceptions/no_such_element.html
Build info: version: &apos;3.13.0&apos;, revision: &apos;2f0d292&apos;, time: &apos;2018-06-25T15:24:21.231Z&apos;
System info: host: &apos;LIVINGLEGEND&apos;, ip: &apos;192.168.56.1&apos;, os.name: &apos;Windows 8.1&apos;, os.arch: &apos;amd64&apos;, os.version: &apos;6.3&apos;, java.version: &apos;1.8.0_101&apos;
Driver info: org.openqa.selenium.firefox.FirefoxDriver
Capabilities {acceptInsecureCerts: true, browserName: firefox, browserVersion: 61.0.2, javascriptEnabled: true, moz:accessibilityChecks: false, moz:headless: false, moz:processID: 10436, moz:profile: C:\Users\Balaji\AppData\Loc..., moz:useNonSpecCompliantPointerOrigin: false, moz:webdriverClick: true, pageLoadStrategy: normal, platform: XP, platformName: XP, platformVersion: 6.3, rotatable: false, timeouts: {implicit: 0, pageLoad: 300000, script: 30000}}
Session ID: 485eea1b-fc96-434a-86cb-b20cd0342220
*** Element info: {Using=xpath, value=//div[text()=&apos;Add Property&apos;]}" type="junit.framework.AssertionFailedError">junit.framework.AssertionFailedError: Unable to locate element: //div[text()=&apos;Add Property&apos;]
For documentation on this error, please visit: http://seleniumhq.org/exceptions/no_such_element.html
Build info: version: &apos;3.13.0&apos;, revision: &apos;2f0d292&apos;, time: &apos;2018-06-25T15:24:21.231Z&apos;
System info: host: &apos;LIVINGLEGEND&apos;, ip: &apos;192.168.56.1&apos;, os.name: &apos;Windows 8.1&apos;, os.arch: &apos;amd64&apos;, os.version: &apos;6.3&apos;, java.version: &apos;1.8.0_101&apos;
Driver info: org.openqa.selenium.firefox.FirefoxDriver
Capabilities {acceptInsecureCerts: true, browserName: firefox, browserVersion: 61.0.2, javascriptEnabled: true, moz:accessibilityChecks: false, moz:headless: false, moz:processID: 10436, moz:profile: C:\Users\Balaji\AppData\Loc..., moz:useNonSpecCompliantPointerOrigin: false, moz:webdriverClick: true, pageLoadStrategy: normal, platform: XP, platformName: XP, platformVersion: 6.3, rotatable: false, timeouts: {implicit: 0, pageLoad: 300000, script: 30000}}
Session ID: 485eea1b-fc96-434a-86cb-b20cd0342220
*** Element info: {Using=xpath, value=//div[text()=&apos;Add Property&apos;]}
	at junit.framework.Assert.fail(Assert.java:57)
	at junit.framework.Assert.assertTrue(Assert.java:22)
	at stepdefnition.PropertyWorkflowmanagement.add_New_page_should_be_displayed(PropertyWorkflowmanagement.java:85)
	at ✽.Then Add New page should be displayed(02CreateEditListProperties.feature:8)
</failure>
  </testcase>
  <testcase classname="Scenario: Verify if all the properties are listed in GUI" name="Given get the list of property details from API" time="0"/>
  <testcase classname="Scenario: Verify if all the properties are listed in GUI" name="When user open the Easy property Management application" time="0"/>
  <testcase classname="Scenario: Verify if all the properties are listed in GUI" name="Then All the properties should be displayed" time="0"/>
  <testcase classname="Scenario: Verify if all the properties are listed in GUI" name="Scenario: Verify if all the properties are listed in GUI" time="0.007"/>
  <testcase classname="| 2 |" name="Given we submit 2 properties by API" time="0"/>
  <testcase classname="| 2 |" name="Then request should be posted sucessfully" time="0"/>
  <testcase classname="| 2 |" name="| 2 |" time="0.006"/>
  <testcase classname="Scenario: User should not create duplicate property" name="Given take a property which already exists" time="0"/>
  <testcase classname="Scenario: User should not create duplicate property" name="When the user post a  duplicate property via API" time="0"/>
  <testcase classname="Scenario: User should not create duplicate property" name="Then request should not be posted" time="0">
    <failure message="expected:&lt;false&gt; but was:&lt;true&gt;" type="junit.framework.AssertionFailedError">junit.framework.AssertionFailedError: expected:&lt;false&gt; but was:&lt;true&gt;
	at junit.framework.Assert.fail(Assert.java:57)
	at junit.framework.Assert.failNotEquals(Assert.java:329)
	at junit.framework.Assert.assertEquals(Assert.java:78)
	at junit.framework.Assert.assertEquals(Assert.java:174)
	at junit.framework.Assert.assertEquals(Assert.java:181)
	at stepdefnition.Add_Edit_List.request_should_not_be_posted(Add_Edit_List.java:106)
	at ✽.Then request should not be posted(02CreateEditListProperties.feature:33)
</failure>
    <system-out>File already exists.
</system-out>
  </testcase>
  <testcase classname="Scenario: User should not create duplicate property" name="Scenario: User should not create duplicate property" time="0">
    <failure message="expected:&lt;false&gt; but was:&lt;true&gt;" type="junit.framework.AssertionFailedError">junit.framework.AssertionFailedError: expected:&lt;false&gt; but was:&lt;true&gt;
	at junit.framework.Assert.fail(Assert.java:57)
	at junit.framework.Assert.failNotEquals(Assert.java:329)
	at junit.framework.Assert.assertEquals(Assert.java:78)
	at junit.framework.Assert.assertEquals(Assert.java:174)
	at junit.framework.Assert.assertEquals(Assert.java:181)
	at stepdefnition.Add_Edit_List.request_should_not_be_posted(Add_Edit_List.java:106)
	at ✽.Then request should not be posted(02CreateEditListProperties.feature:33)
</failure>
  </testcase>
  <testcase classname="| 10 |" name="Given the system contains 10 properties" time="0"/>
  <testcase classname="| 10 |" name="When user open the Easy property Management application" time="0"/>
  <testcase classname="| 10 |" name="And the user clicks Add New Button" time="0"/>
  <testcase classname="| 10 |" name="When the user enters the unique property name and address" time="0"/>
  <testcase classname="| 10 |" name="And Click Ok button" time="0"/>
  <testcase classname="| 10 |" name="Then the property should be created" time="0.002">
    <failure message="Unable to locate element: //td[contains(text(),&apos;TestAutomation_20180824222629568&apos;)]
For documentation on this error, please visit: http://seleniumhq.org/exceptions/no_such_element.html
Build info: version: &apos;3.13.0&apos;, revision: &apos;2f0d292&apos;, time: &apos;2018-06-25T15:24:21.231Z&apos;
System info: host: &apos;LIVINGLEGEND&apos;, ip: &apos;192.168.56.1&apos;, os.name: &apos;Windows 8.1&apos;, os.arch: &apos;amd64&apos;, os.version: &apos;6.3&apos;, java.version: &apos;1.8.0_101&apos;
Driver info: org.openqa.selenium.firefox.FirefoxDriver
Capabilities {acceptInsecureCerts: true, browserName: firefox, browserVersion: 61.0.2, javascriptEnabled: true, moz:accessibilityChecks: false, moz:headless: false, moz:processID: 11356, moz:profile: C:\Users\Balaji\AppData\Loc..., moz:useNonSpecCompliantPointerOrigin: false, moz:webdriverClick: true, pageLoadStrategy: normal, platform: XP, platformName: XP, platformVersion: 6.3, rotatable: false, timeouts: {implicit: 0, pageLoad: 300000, script: 30000}}
Session ID: 8b3f6b42-57cc-4d38-a498-4f9246a8ca15
*** Element info: {Using=xpath, value=//td[contains(text(),&apos;TestAutomation_20180824222629568&apos;)]}" type="junit.framework.AssertionFailedError">junit.framework.AssertionFailedError: Unable to locate element: //td[contains(text(),&apos;TestAutomation_20180824222629568&apos;)]
For documentation on this error, please visit: http://seleniumhq.org/exceptions/no_such_element.html
Build info: version: &apos;3.13.0&apos;, revision: &apos;2f0d292&apos;, time: &apos;2018-06-25T15:24:21.231Z&apos;
System info: host: &apos;LIVINGLEGEND&apos;, ip: &apos;192.168.56.1&apos;, os.name: &apos;Windows 8.1&apos;, os.arch: &apos;amd64&apos;, os.version: &apos;6.3&apos;, java.version: &apos;1.8.0_101&apos;
Driver info: org.openqa.selenium.firefox.FirefoxDriver
Capabilities {acceptInsecureCerts: true, browserName: firefox, browserVersion: 61.0.2, javascriptEnabled: true, moz:accessibilityChecks: false, moz:headless: false, moz:processID: 11356, moz:profile: C:\Users\Balaji\AppData\Loc..., moz:useNonSpecCompliantPointerOrigin: false, moz:webdriverClick: true, pageLoadStrategy: normal, platform: XP, platformName: XP, platformVersion: 6.3, rotatable: false, timeouts: {implicit: 0, pageLoad: 300000, script: 30000}}
Session ID: 8b3f6b42-57cc-4d38-a498-4f9246a8ca15
*** Element info: {Using=xpath, value=//td[contains(text(),&apos;TestAutomation_20180824222629568&apos;)]}
	at junit.framework.Assert.fail(Assert.java:57)
	at junit.framework.Assert.assertTrue(Assert.java:22)
	at stepdefnition.PropertyWorkflowmanagement.the_property_should_be_created(PropertyWorkflowmanagement.java:122)
	at ✽.Then the property should be created(02CreateEditListProperties.feature:42)
</failure>
  </testcase>
  <testcase classname="| 10 |" name="| 10 |" time="0.004">
    <failure message="Unable to locate element: //td[contains(text(),&apos;TestAutomation_20180824222629568&apos;)]
For documentation on this error, please visit: http://seleniumhq.org/exceptions/no_such_element.html
Build info: version: &apos;3.13.0&apos;, revision: &apos;2f0d292&apos;, time: &apos;2018-06-25T15:24:21.231Z&apos;
System info: host: &apos;LIVINGLEGEND&apos;, ip: &apos;192.168.56.1&apos;, os.name: &apos;Windows 8.1&apos;, os.arch: &apos;amd64&apos;, os.version: &apos;6.3&apos;, java.version: &apos;1.8.0_101&apos;
Driver info: org.openqa.selenium.firefox.FirefoxDriver
Capabilities {acceptInsecureCerts: true, browserName: firefox, browserVersion: 61.0.2, javascriptEnabled: true, moz:accessibilityChecks: false, moz:headless: false, moz:processID: 11356, moz:profile: C:\Users\Balaji\AppData\Loc..., moz:useNonSpecCompliantPointerOrigin: false, moz:webdriverClick: true, pageLoadStrategy: normal, platform: XP, platformName: XP, platformVersion: 6.3, rotatable: false, timeouts: {implicit: 0, pageLoad: 300000, script: 30000}}
Session ID: 8b3f6b42-57cc-4d38-a498-4f9246a8ca15
*** Element info: {Using=xpath, value=//td[contains(text(),&apos;TestAutomation_20180824222629568&apos;)]}" type="junit.framework.AssertionFailedError">junit.framework.AssertionFailedError: Unable to locate element: //td[contains(text(),&apos;TestAutomation_20180824222629568&apos;)]
For documentation on this error, please visit: http://seleniumhq.org/exceptions/no_such_element.html
Build info: version: &apos;3.13.0&apos;, revision: &apos;2f0d292&apos;, time: &apos;2018-06-25T15:24:21.231Z&apos;
System info: host: &apos;LIVINGLEGEND&apos;, ip: &apos;192.168.56.1&apos;, os.name: &apos;Windows 8.1&apos;, os.arch: &apos;amd64&apos;, os.version: &apos;6.3&apos;, java.version: &apos;1.8.0_101&apos;
Driver info: org.openqa.selenium.firefox.FirefoxDriver
Capabilities {acceptInsecureCerts: true, browserName: firefox, browserVersion: 61.0.2, javascriptEnabled: true, moz:accessibilityChecks: false, moz:headless: false, moz:processID: 11356, moz:profile: C:\Users\Balaji\AppData\Loc..., moz:useNonSpecCompliantPointerOrigin: false, moz:webdriverClick: true, pageLoadStrategy: normal, platform: XP, platformName: XP, platformVersion: 6.3, rotatable: false, timeouts: {implicit: 0, pageLoad: 300000, script: 30000}}
Session ID: 8b3f6b42-57cc-4d38-a498-4f9246a8ca15
*** Element info: {Using=xpath, value=//td[contains(text(),&apos;TestAutomation_20180824222629568&apos;)]}
	at junit.framework.Assert.fail(Assert.java:57)
	at junit.framework.Assert.assertTrue(Assert.java:22)
	at stepdefnition.PropertyWorkflowmanagement.the_property_should_be_created(PropertyWorkflowmanagement.java:122)
	at ✽.Then the property should be created(02CreateEditListProperties.feature:42)
</failure>
  </testcase>
  <testcase classname="| 10 |" name="Given the system contains 10 properties" time="0"/>
  <testcase classname="| 10 |" name="When user open the Easy property Management application" time="0"/>
  <testcase classname="| 10 |" name="And the user clicks Add New Button" time="0"/>
  <testcase classname="| 10 |" name="When the user enters the unique property name and address" time="0"/>
  <testcase classname="| 10 |" name="And Click Ok button" time="0"/>
  <testcase classname="| 10 |" name="Then the property should be created" time="0.001">
    <failure message="Unable to locate element: //td[contains(text(),&apos;TestAutomation_20180824222654504&apos;)]
For documentation on this error, please visit: http://seleniumhq.org/exceptions/no_such_element.html
Build info: version: &apos;3.13.0&apos;, revision: &apos;2f0d292&apos;, time: &apos;2018-06-25T15:24:21.231Z&apos;
System info: host: &apos;LIVINGLEGEND&apos;, ip: &apos;192.168.56.1&apos;, os.name: &apos;Windows 8.1&apos;, os.arch: &apos;amd64&apos;, os.version: &apos;6.3&apos;, java.version: &apos;1.8.0_101&apos;
Driver info: org.openqa.selenium.firefox.FirefoxDriver
Capabilities {acceptInsecureCerts: true, browserName: firefox, browserVersion: 61.0.2, javascriptEnabled: true, moz:accessibilityChecks: false, moz:headless: false, moz:processID: 11496, moz:profile: C:\Users\Balaji\AppData\Loc..., moz:useNonSpecCompliantPointerOrigin: false, moz:webdriverClick: true, pageLoadStrategy: normal, platform: XP, platformName: XP, platformVersion: 6.3, rotatable: false, timeouts: {implicit: 0, pageLoad: 300000, script: 30000}}
Session ID: 1ee4a9d5-7df8-4683-959a-108f5cd95bc7
*** Element info: {Using=xpath, value=//td[contains(text(),&apos;TestAutomation_20180824222654504&apos;)]}" type="junit.framework.AssertionFailedError">junit.framework.AssertionFailedError: Unable to locate element: //td[contains(text(),&apos;TestAutomation_20180824222654504&apos;)]
For documentation on this error, please visit: http://seleniumhq.org/exceptions/no_such_element.html
Build info: version: &apos;3.13.0&apos;, revision: &apos;2f0d292&apos;, time: &apos;2018-06-25T15:24:21.231Z&apos;
System info: host: &apos;LIVINGLEGEND&apos;, ip: &apos;192.168.56.1&apos;, os.name: &apos;Windows 8.1&apos;, os.arch: &apos;amd64&apos;, os.version: &apos;6.3&apos;, java.version: &apos;1.8.0_101&apos;
Driver info: org.openqa.selenium.firefox.FirefoxDriver
Capabilities {acceptInsecureCerts: true, browserName: firefox, browserVersion: 61.0.2, javascriptEnabled: true, moz:accessibilityChecks: false, moz:headless: false, moz:processID: 11496, moz:profile: C:\Users\Balaji\AppData\Loc..., moz:useNonSpecCompliantPointerOrigin: false, moz:webdriverClick: true, pageLoadStrategy: normal, platform: XP, platformName: XP, platformVersion: 6.3, rotatable: false, timeouts: {implicit: 0, pageLoad: 300000, script: 30000}}
Session ID: 1ee4a9d5-7df8-4683-959a-108f5cd95bc7
*** Element info: {Using=xpath, value=//td[contains(text(),&apos;TestAutomation_20180824222654504&apos;)]}
	at junit.framework.Assert.fail(Assert.java:57)
	at junit.framework.Assert.assertTrue(Assert.java:22)
	at stepdefnition.PropertyWorkflowmanagement.the_property_should_be_created(PropertyWorkflowmanagement.java:122)
	at ✽.Then the property should be created(03StressTesting.feature:11)
</failure>
  </testcase>
  <testcase classname="| 10 |" name="| 10 |" time="0.001">
    <failure message="Unable to locate element: //td[contains(text(),&apos;TestAutomation_20180824222654504&apos;)]
For documentation on this error, please visit: http://seleniumhq.org/exceptions/no_such_element.html
Build info: version: &apos;3.13.0&apos;, revision: &apos;2f0d292&apos;, time: &apos;2018-06-25T15:24:21.231Z&apos;
System info: host: &apos;LIVINGLEGEND&apos;, ip: &apos;192.168.56.1&apos;, os.name: &apos;Windows 8.1&apos;, os.arch: &apos;amd64&apos;, os.version: &apos;6.3&apos;, java.version: &apos;1.8.0_101&apos;
Driver info: org.openqa.selenium.firefox.FirefoxDriver
Capabilities {acceptInsecureCerts: true, browserName: firefox, browserVersion: 61.0.2, javascriptEnabled: true, moz:accessibilityChecks: false, moz:headless: false, moz:processID: 11496, moz:profile: C:\Users\Balaji\AppData\Loc..., moz:useNonSpecCompliantPointerOrigin: false, moz:webdriverClick: true, pageLoadStrategy: normal, platform: XP, platformName: XP, platformVersion: 6.3, rotatable: false, timeouts: {implicit: 0, pageLoad: 300000, script: 30000}}
Session ID: 1ee4a9d5-7df8-4683-959a-108f5cd95bc7
*** Element info: {Using=xpath, value=//td[contains(text(),&apos;TestAutomation_20180824222654504&apos;)]}" type="junit.framework.AssertionFailedError">junit.framework.AssertionFailedError: Unable to locate element: //td[contains(text(),&apos;TestAutomation_20180824222654504&apos;)]
For documentation on this error, please visit: http://seleniumhq.org/exceptions/no_such_element.html
Build info: version: &apos;3.13.0&apos;, revision: &apos;2f0d292&apos;, time: &apos;2018-06-25T15:24:21.231Z&apos;
System info: host: &apos;LIVINGLEGEND&apos;, ip: &apos;192.168.56.1&apos;, os.name: &apos;Windows 8.1&apos;, os.arch: &apos;amd64&apos;, os.version: &apos;6.3&apos;, java.version: &apos;1.8.0_101&apos;
Driver info: org.openqa.selenium.firefox.FirefoxDriver
Capabilities {acceptInsecureCerts: true, browserName: firefox, browserVersion: 61.0.2, javascriptEnabled: true, moz:accessibilityChecks: false, moz:headless: false, moz:processID: 11496, moz:profile: C:\Users\Balaji\AppData\Loc..., moz:useNonSpecCompliantPointerOrigin: false, moz:webdriverClick: true, pageLoadStrategy: normal, platform: XP, platformName: XP, platformVersion: 6.3, rotatable: false, timeouts: {implicit: 0, pageLoad: 300000, script: 30000}}
Session ID: 1ee4a9d5-7df8-4683-959a-108f5cd95bc7
*** Element info: {Using=xpath, value=//td[contains(text(),&apos;TestAutomation_20180824222654504&apos;)]}
	at junit.framework.Assert.fail(Assert.java:57)
	at junit.framework.Assert.assertTrue(Assert.java:22)
	at stepdefnition.PropertyWorkflowmanagement.the_property_should_be_created(PropertyWorkflowmanagement.java:122)
	at ✽.Then the property should be created(03StressTesting.feature:11)
</failure>
  </testcase>
</testsuite>